c:\users\jguo5\documents\github\shootergame-hack\shootergame hack\x64\debug\vc142.pdb
c:\users\jguo5\documents\github\shootergame-hack\shootergame hack\x64\debug\vc142.idb
c:\users\jguo5\documents\github\shootergame-hack\shootergame hack\x64\debug\utils.obj
c:\users\jguo5\documents\github\shootergame-hack\shootergame hack\x64\debug\render.obj
c:\users\jguo5\documents\github\shootergame-hack\shootergame hack\x64\debug\offsets.obj
c:\users\jguo5\documents\github\shootergame-hack\shootergame hack\x64\debug\misc.obj
c:\users\jguo5\documents\github\shootergame-hack\shootergame hack\x64\debug\menu.obj
c:\users\jguo5\documents\github\shootergame-hack\shootergame hack\x64\debug\math.obj
c:\users\jguo5\documents\github\shootergame-hack\shootergame hack\x64\debug\main.obj
c:\users\jguo5\documents\github\shootergame-hack\shootergame hack\x64\debug\imgui_widgets.obj
c:\users\jguo5\documents\github\shootergame-hack\shootergame hack\x64\debug\imgui_impl_win32.obj
c:\users\jguo5\documents\github\shootergame-hack\shootergame hack\x64\debug\imgui_impl_dx9.obj
c:\users\jguo5\documents\github\shootergame-hack\shootergame hack\x64\debug\imgui_draw.obj
c:\users\jguo5\documents\github\shootergame-hack\shootergame hack\x64\debug\imgui_demo.obj
c:\users\jguo5\documents\github\shootergame-hack\shootergame hack\x64\debug\imgui.obj
c:\users\jguo5\documents\github\shootergame-hack\shootergame hack\x64\debug\globals.obj
c:\users\jguo5\documents\github\shootergame-hack\shootergame hack\x64\debug\esp.obj
c:\users\jguo5\documents\github\shootergame-hack\shootergame hack\x64\debug\aimbot.obj
c:\users\jguo5\documents\github\shootergame-hack\x64\debug\shootergame hack.ilk
c:\users\jguo5\documents\github\shootergame-hack\x64\debug\shootergame hack.exe
c:\users\jguo5\documents\github\shootergame-hack\x64\debug\shootergame hack.pdb
c:\users\jguo5\documents\github\shootergame-hack\shootergame hack\x64\debug\shootergame hack.tlog\cl.command.1.tlog
c:\users\jguo5\documents\github\shootergame-hack\shootergame hack\x64\debug\shootergame hack.tlog\cl.read.1.tlog
c:\users\jguo5\documents\github\shootergame-hack\shootergame hack\x64\debug\shootergame hack.tlog\cl.write.1.tlog
c:\users\jguo5\documents\github\shootergame-hack\shootergame hack\x64\debug\shootergame hack.tlog\link.command.1.tlog
c:\users\jguo5\documents\github\shootergame-hack\shootergame hack\x64\debug\shootergame hack.tlog\link.read.1.tlog
c:\users\jguo5\documents\github\shootergame-hack\shootergame hack\x64\debug\shootergame hack.tlog\link.write.1.tlog
