  Aimbot.cpp
  C:\Program Files (x86)\Microsoft DirectX SDK (June 2010)\Include\dinput.h: DIRECTINPUT_VERSION undefined. Defaulting to version 0x0800
C:\Users\jguo5\Documents\GitHub\shootergame-Hack\Shootergame Hack\Menu.h(12,1): warning C4005: 'DIRECTINPUT_VERSION': macro redefinition
C:\Program Files (x86)\Microsoft DirectX SDK (June 2010)\Include\dinput.h(42): message : see previous definition of 'DIRECTINPUT_VERSION'
C:\Users\jguo5\Documents\GitHub\shootergame-Hack\Shootergame Hack\Menu.h(42,1): warning C4305: '=': truncation from 'double' to 'float'
C:\Users\jguo5\Documents\GitHub\shootergame-Hack\Shootergame Hack\Menu.h(46,1): warning C4305: '=': truncation from 'double' to 'float'
C:\Users\jguo5\Documents\GitHub\shootergame-Hack\Shootergame Hack\Aimbot.cpp(9,22): warning C4244: 'initializing': conversion from 'LONG' to 'float', possible loss of data
C:\Users\jguo5\Documents\GitHub\shootergame-Hack\Shootergame Hack\Aimbot.cpp(10,22): warning C4244: 'initializing': conversion from 'LONG' to 'float', possible loss of data
C:\Users\jguo5\Documents\GitHub\shootergame-Hack\Shootergame Hack\Aimbot.cpp(68,40): warning C4244: '=': conversion from 'LONG' to 'float', possible loss of data
C:\Users\jguo5\Documents\GitHub\shootergame-Hack\Shootergame Hack\Aimbot.cpp(69,40): warning C4244: '=': conversion from 'LONG' to 'float', possible loss of data
C:\Users\jguo5\Documents\GitHub\shootergame-Hack\Shootergame Hack\Aimbot.cpp(73,56): warning C4244: 'argument': conversion from 'int' to 'float', possible loss of data
C:\Users\jguo5\Documents\GitHub\shootergame-Hack\Shootergame Hack\Aimbot.cpp(73,52): warning C4244: 'argument': conversion from 'int' to 'float', possible loss of data
C:\Users\jguo5\Documents\GitHub\shootergame-Hack\Shootergame Hack\Aimbot.cpp(82,16): warning C4244: 'argument': conversion from 'int' to 'float', possible loss of data
C:\Users\jguo5\Documents\GitHub\shootergame-Hack\Shootergame Hack\Aimbot.cpp(82,12): warning C4244: 'argument': conversion from 'int' to 'float', possible loss of data
C:\Users\jguo5\Documents\GitHub\shootergame-Hack\Shootergame Hack\Aimbot.cpp(114,17): warning C4244: 'initializing': conversion from 'T' to 'int', possible loss of data
          with
          [
              T=DWORD64
          ]
C:\Users\jguo5\Documents\GitHub\shootergame-Hack\Shootergame Hack\Aimbot.cpp(119,17): warning C4244: 'initializing': conversion from 'T' to 'int', possible loss of data
          with
          [
              T=float
          ]
C:\Users\jguo5\Documents\GitHub\shootergame-Hack\Shootergame Hack\Aimbot.cpp(125,36): warning C4244: '=': conversion from 'T' to 'int', possible loss of data
          with
          [
              T=float
          ]
C:\Users\jguo5\Documents\GitHub\shootergame-Hack\Shootergame Hack\Aimbot.cpp(148,27): warning C4244: '=': conversion from 'float' to 'int', possible loss of data
C:\Users\jguo5\Documents\GitHub\shootergame-Hack\Shootergame Hack\Aimbot.cpp(149,27): warning C4244: '=': conversion from 'float' to 'int', possible loss of data
  ESP.cpp
  C:\Program Files (x86)\Microsoft DirectX SDK (June 2010)\Include\dinput.h: DIRECTINPUT_VERSION undefined. Defaulting to version 0x0800
C:\Users\jguo5\Documents\GitHub\shootergame-Hack\Shootergame Hack\Menu.h(12,1): warning C4005: 'DIRECTINPUT_VERSION': macro redefinition
C:\Program Files (x86)\Microsoft DirectX SDK (June 2010)\Include\dinput.h(42): message : see previous definition of 'DIRECTINPUT_VERSION'
C:\Users\jguo5\Documents\GitHub\shootergame-Hack\Shootergame Hack\Menu.h(42,1): warning C4305: '=': truncation from 'double' to 'float'
C:\Users\jguo5\Documents\GitHub\shootergame-Hack\Shootergame Hack\Menu.h(46,1): warning C4305: '=': truncation from 'double' to 'float'
C:\Users\jguo5\Documents\GitHub\shootergame-Hack\Shootergame Hack\ESP.cpp(58,15): warning C4244: 'initializing': conversion from 'T' to 'int', possible loss of data
          with
          [
              T=DWORD64
          ]
C:\Users\jguo5\Documents\GitHub\shootergame-Hack\Shootergame Hack\ESP.cpp(73,14): warning C4244: 'initializing': conversion from 'T' to 'int', possible loss of data
          with
          [
              T=float
          ]
C:\Users\jguo5\Documents\GitHub\shootergame-Hack\Shootergame Hack\ESP.cpp(92,103): warning C4244: 'argument': conversion from 'float' to 'int', possible loss of data
C:\Users\jguo5\Documents\GitHub\shootergame-Hack\Shootergame Hack\ESP.cpp(92,84): warning C4244: 'argument': conversion from 'float' to 'int', possible loss of data
C:\Users\jguo5\Documents\GitHub\shootergame-Hack\Shootergame Hack\ESP.cpp(92,58): warning C4244: 'argument': conversion from 'float' to 'int', possible loss of data
C:\Users\jguo5\Documents\GitHub\shootergame-Hack\Shootergame Hack\ESP.cpp(92,23): warning C4244: 'argument': conversion from 'float' to 'int', possible loss of data
C:\Users\jguo5\Documents\GitHub\shootergame-Hack\Shootergame Hack\ESP.cpp(134,41): warning C4244: '=': conversion from 'LONG' to 'float', possible loss of data
C:\Users\jguo5\Documents\GitHub\shootergame-Hack\Shootergame Hack\ESP.cpp(135,41): warning C4244: '=': conversion from 'LONG' to 'float', possible loss of data
  globals.cpp
  C:\Program Files (x86)\Microsoft DirectX SDK (June 2010)\Include\dinput.h: DIRECTINPUT_VERSION undefined. Defaulting to version 0x0800
C:\Users\jguo5\Documents\GitHub\shootergame-Hack\Shootergame Hack\globals.cpp(59,42): warning C4244: '=': conversion from 'T' to 'int', possible loss of data
          with
          [
              T=DWORD64
          ]
  main.cpp
  C:\Program Files (x86)\Microsoft DirectX SDK (June 2010)\Include\dinput.h: DIRECTINPUT_VERSION undefined. Defaulting to version 0x0800
C:\Users\jguo5\Documents\GitHub\shootergame-Hack\Shootergame Hack\Menu.h(12,1): warning C4005: 'DIRECTINPUT_VERSION': macro redefinition
C:\Program Files (x86)\Microsoft DirectX SDK (June 2010)\Include\dinput.h(42): message : see previous definition of 'DIRECTINPUT_VERSION'
C:\Users\jguo5\Documents\GitHub\shootergame-Hack\Shootergame Hack\Menu.h(42,1): warning C4305: '=': truncation from 'double' to 'float'
C:\Users\jguo5\Documents\GitHub\shootergame-Hack\Shootergame Hack\Menu.h(46,1): warning C4305: '=': truncation from 'double' to 'float'
  Menu.cpp
  C:\Program Files (x86)\Microsoft DirectX SDK (June 2010)\Include\dinput.h: DIRECTINPUT_VERSION undefined. Defaulting to version 0x0800
C:\Users\jguo5\Documents\GitHub\shootergame-Hack\Shootergame Hack\Menu.h(12,1): warning C4005: 'DIRECTINPUT_VERSION': macro redefinition
C:\Program Files (x86)\Microsoft DirectX SDK (June 2010)\Include\dinput.h(42): message : see previous definition of 'DIRECTINPUT_VERSION'
C:\Users\jguo5\Documents\GitHub\shootergame-Hack\Shootergame Hack\Menu.h(42,1): warning C4305: '=': truncation from 'double' to 'float'
C:\Users\jguo5\Documents\GitHub\shootergame-Hack\Shootergame Hack\Menu.h(46,1): warning C4305: '=': truncation from 'double' to 'float'
C:\Users\jguo5\Documents\GitHub\shootergame-Hack\Shootergame Hack\Menu.cpp(25,47): warning C4244: '=': conversion from 'double' to 'int', possible loss of data
C:\Users\jguo5\Documents\GitHub\shootergame-Hack\Shootergame Hack\Menu.cpp(26,48): warning C4244: '=': conversion from 'double' to 'int', possible loss of data
C:\Users\jguo5\Documents\GitHub\shootergame-Hack\Shootergame Hack\Menu.cpp(144,1): warning C4244: 'argument': conversion from 'double' to 'int', possible loss of data
C:\Users\jguo5\Documents\GitHub\shootergame-Hack\Shootergame Hack\Menu.cpp(225,42): warning C4244: '=': conversion from 'ULONGLONG' to 'int', possible loss of data
  Misc.cpp
  C:\Program Files (x86)\Microsoft DirectX SDK (June 2010)\Include\dinput.h: DIRECTINPUT_VERSION undefined. Defaulting to version 0x0800
C:\Users\jguo5\Documents\GitHub\shootergame-Hack\Shootergame Hack\Menu.h(12,1): warning C4005: 'DIRECTINPUT_VERSION': macro redefinition
C:\Program Files (x86)\Microsoft DirectX SDK (June 2010)\Include\dinput.h(42): message : see previous definition of 'DIRECTINPUT_VERSION'
C:\Users\jguo5\Documents\GitHub\shootergame-Hack\Shootergame Hack\Menu.h(42,1): warning C4305: '=': truncation from 'double' to 'float'
C:\Users\jguo5\Documents\GitHub\shootergame-Hack\Shootergame Hack\Menu.h(46,1): warning C4305: '=': truncation from 'double' to 'float'
C:\Users\jguo5\Documents\GitHub\shootergame-Hack\Shootergame Hack\Misc.cpp(19,53): warning C4244: '=': conversion from 'T' to 'int', possible loss of data
          with
          [
              T=DWORD64
          ]
C:\Users\jguo5\Documents\GitHub\shootergame-Hack\Shootergame Hack\Misc.cpp(34,20): warning C4309: 'initializing': truncation of constant value
C:\Users\jguo5\Documents\GitHub\shootergame-Hack\Shootergame Hack\Misc.cpp(74,15): warning C4309: '=': truncation of constant value
C:\Users\jguo5\Documents\GitHub\shootergame-Hack\Shootergame Hack\commands.h(10,30): warning C4244: '=': conversion from 'BOOL' to 'T', possible loss of data
          with
          [
              T=float
          ]
C:\Users\jguo5\Documents\GitHub\shootergame-Hack\Shootergame Hack\Misc.cpp(41): message : see reference to function template instantiation 'T Driver::write<float>(HANDLE,DWORD64,T *)' being compiled
          with
          [
              T=float
          ]
C:\Users\jguo5\Documents\GitHub\shootergame-Hack\Shootergame Hack\commands.h(10,30): warning C4244: 'argument': conversion from 'BOOL' to 'float', possible loss of data
C:\Users\jguo5\Documents\GitHub\shootergame-Hack\Shootergame Hack\Misc.cpp(61): message : see reference to function template instantiation 'T Driver::write<vector3D>(HANDLE,DWORD64,T *)' being compiled
          with
          [
              T=vector3D
          ]
  utils.cpp
  C:\Program Files (x86)\Microsoft DirectX SDK (June 2010)\Include\dinput.h: DIRECTINPUT_VERSION undefined. Defaulting to version 0x0800
  Generating Code...
  Shootergame Hack.vcxproj -> C:\Users\jguo5\Documents\GitHub\shootergame-Hack\x64\Debug\Shootergame Hack.exe
